<?xml version="1.0" encoding="UTF-8"?>
<!-- Generated by org.testng.reporters.JUnitReportReporter -->
<testsuite hostname="LAPTOP-25MQB1CL" failures="0" tests="3" name="DDTPractice.DataProviderUsage" time="0.031" errors="0" timestamp="2025-03-25T20:49:52 IST" skipped="0">
  <testcase classname="DDTPractice.DataProviderUsage" name="testCase" time="0.016"/>
  <testcase classname="DDTPractice.DataProviderUsage" name="testCase" time="0.004"/>
  <testcase classname="DDTPractice.DataProviderUsage" name="testCase" time="0.011"/>
</testsuite> <!-- DDTPractice.DataProviderUsage -->
