<?xml version="1.0" encoding="UTF-8"?>
<!-- Generated by org.testng.reporters.JUnitReportReporter -->
<testsuite hostname="LAPTOP-25MQB1CL" failures="0" tests="1" name="ProductTest.CreateProduct" time="16.808" errors="0" timestamp="2025-03-29T20:35:14 IST" skipped="0">
  <testcase classname="ProductTest.CreateProduct" name="createProductTest" time="16.808"/>
  <system-out>
    <![CDATA[Campaign Banner_7169 added successfully
campaign Banner_2694 added successfully
Validation is passed]]>
  </system-out>
</testsuite> <!-- ProductTest.CreateProduct -->
