<?xml version="1.0" encoding="UTF-8"?>
<!-- Generated by org.testng.reporters.JUnitReportReporter -->
<testsuite hostname="LAPTOP-25MQB1CL" failures="0" tests="2" name="CampaignTest.CreateCampaign" time="32.878" errors="0" timestamp="2025-03-29T20:35:14 IST" skipped="0">
  <testcase classname="CampaignTest.CreateCampaign" name="createCampaignTest" time="17.010">
    <system-out>
      <![CDATA[Campaign Banner_7169 added successfully]]>
    </system-out>
  </testcase> <!-- createCampaignTest -->
  <testcase classname="CampaignTest.CreateCampaign" name="createCampaignWithDateTest" time="15.868">
    <system-out>
      <![CDATA[campaign Banner_2694 added successfully]]>
    </system-out>
  </testcase> <!-- createCampaignWithDateTest -->
  <system-out>
    <![CDATA[Campaign Banner_7169 added successfully
campaign Banner_2694 added successfully
Validation is passed]]>
  </system-out>
</testsuite> <!-- CampaignTest.CreateCampaign -->
